TN:
SF:src\app.controller.ts
FN:21,(anonymous_4)
FN:41,(anonymous_5)
FN:67,(anonymous_6)
FNF:3
FNH:0
FNDA:0,(anonymous_4)
FNDA:0,(anonymous_5)
FNDA:0,(anonymous_6)
DA:1,0
DA:2,0
DA:4,0
DA:12,0
DA:21,0
DA:22,0
DA:41,0
DA:45,0
DA:51,0
DA:52,0
DA:54,0
DA:55,0
DA:67,0
DA:68,0
LF:14
LH:0
BRDA:25,0,0,0
BRDA:25,0,1,0
BRDA:70,1,0,0
BRDA:70,1,1,0
BRDA:72,2,0,0
BRDA:72,2,1,0
BRF:6
BRH:0
end_of_record
TN:
SF:src\auth\auth.controller.ts
FN:7,(anonymous_4)
FN:11,(anonymous_5)
FN:23,(anonymous_6)
FN:39,(anonymous_7)
FNF:4
FNH:4
FNDA:4,(anonymous_4)
FNDA:1,(anonymous_5)
FNDA:1,(anonymous_6)
FNDA:1,(anonymous_7)
DA:1,1
DA:2,1
DA:3,1
DA:6,1
DA:7,4
DA:11,1
DA:12,1
DA:13,1
DA:14,1
DA:23,1
DA:24,1
DA:25,1
DA:26,1
DA:39,1
DA:40,1
LF:15
LH:15
BRF:0
BRH:0
end_of_record
TN:
SF:src\auth\auth.module.ts
FN:20,(anonymous_1)
FNF:1
FNH:0
FNDA:0,(anonymous_1)
DA:1,0
DA:2,0
DA:3,0
DA:4,0
DA:6,0
DA:7,0
DA:8,0
DA:9,0
DA:20,0
DA:42,0
LF:10
LH:0
BRF:0
BRH:0
end_of_record
TN:
SF:src\auth\auth.service.ts
FN:27,(anonymous_2)
FN:32,(anonymous_3)
FN:37,(anonymous_4)
FN:41,(anonymous_5)
FN:46,(anonymous_6)
FN:56,(anonymous_7)
FN:94,(anonymous_8)
FNF:7
FNH:0
FNDA:0,(anonymous_2)
FNDA:0,(anonymous_3)
FNDA:0,(anonymous_4)
FNDA:0,(anonymous_5)
FNDA:0,(anonymous_6)
FNDA:0,(anonymous_7)
FNDA:0,(anonymous_8)
DA:1,1
DA:7,1
DA:8,1
DA:9,1
DA:26,1
DA:28,0
DA:29,0
DA:33,0
DA:34,0
DA:38,0
DA:42,0
DA:43,0
DA:50,0
DA:51,0
DA:53,0
DA:62,0
DA:66,0
DA:67,0
DA:71,0
DA:74,0
DA:83,0
DA:86,0
DA:88,0
DA:99,0
DA:104,0
DA:105,0
DA:109,0
DA:112,0
DA:114,0
LF:29
LH:5
BRDA:66,0,0,0
BRDA:78,1,0,0
BRDA:78,1,1,0
BRDA:104,2,0,0
BRDA:104,3,0,0
BRDA:104,3,1,0
BRF:6
BRH:0
end_of_record
TN:
SF:src\auth\jwt-auth.guard.ts
FNF:0
FNH:0
DA:1,0
DA:2,0
DA:5,0
LF:3
LH:0
BRF:0
BRH:0
end_of_record
TN:
SF:src\auth\jwt.strategy.ts
FN:22,(anonymous_2)
FN:49,(anonymous_3)
FNF:2
FNH:0
FNDA:0,(anonymous_2)
FNDA:0,(anonymous_3)
DA:1,0
DA:6,0
DA:7,0
DA:8,0
DA:9,0
DA:19,0
DA:20,0
DA:23,0
DA:24,0
DA:26,0
DA:41,0
DA:50,0
DA:52,0
DA:54,0
DA:64,0
DA:65,0
DA:66,0
DA:69,0
DA:70,0
DA:72,0
DA:73,0
LF:21
LH:0
BRDA:64,0,0,0
BRF:1
BRH:0
end_of_record
TN:
SF:src\auth\public.decorator.ts
FN:18,(anonymous_0)
FNF:1
FNH:0
FNDA:0,(anonymous_0)
DA:1,1
DA:6,1
DA:18,1
LF:3
LH:3
BRF:0
BRH:0
end_of_record
TN:
SF:src\auth\decorators\roles.decorator.ts
FN:22,(anonymous_0)
FNF:1
FNH:1
FNDA:6,(anonymous_0)
DA:1,1
DA:7,1
DA:22,1
DA:23,6
DA:24,0
DA:27,6
LF:6
LH:5
BRDA:23,0,0,0
BRDA:23,1,0,6
BRDA:23,1,1,6
BRF:3
BRH:2
end_of_record
TN:
SF:src\auth\dto\auth.dto.ts
FNF:0
FNH:0
DA:2,1
DA:4,1
DA:6,1
DA:10,1
DA:13,1
DA:16,1
DA:19,1
LF:7
LH:7
BRF:0
BRH:0
end_of_record
TN:
SF:src\auth\guards\jwt-auth.guard.ts
FN:8,(anonymous_1)
FN:12,(anonymous_2)
FN:30,(anonymous_3)
FNF:3
FNH:0
FNDA:0,(anonymous_1)
FNDA:0,(anonymous_2)
FNDA:0,(anonymous_3)
DA:1,1
DA:2,1
DA:4,1
DA:5,1
DA:8,1
DA:9,0
DA:10,0
DA:13,0
DA:16,0
DA:21,0
DA:22,0
DA:23,0
DA:27,0
DA:32,0
DA:33,0
DA:34,0
DA:35,0
DA:38,0
DA:39,0
LF:19
LH:5
BRDA:21,0,0,0
BRDA:32,1,0,0
BRDA:32,2,0,0
BRDA:32,2,1,0
BRDA:33,3,0,0
BRDA:33,3,1,0
BRDA:33,3,2,0
BRDA:35,4,0,0
BRDA:35,4,1,0
BRF:9
BRH:0
end_of_record
TN:
SF:src\auth\guards\roles.guard.ts
FN:20,(anonymous_2)
FN:27,(anonymous_3)
FN:52,(anonymous_4)
FNF:3
FNH:0
FNDA:0,(anonymous_2)
FNDA:0,(anonymous_3)
FNDA:0,(anonymous_4)
DA:1,1
DA:8,1
DA:9,1
DA:17,1
DA:18,0
DA:20,0
DA:29,0
DA:35,0
DA:36,0
DA:37,0
DA:41,0
DA:42,0
DA:45,0
DA:46,0
DA:47,0
DA:51,0
DA:52,0
DA:53,0
DA:56,0
DA:57,0
DA:62,0
DA:67,0
DA:70,0
LF:23
LH:4
BRDA:35,0,0,0
BRDA:35,1,0,0
BRDA:35,1,1,0
BRDA:45,2,0,0
BRDA:51,3,0,0
BRDA:51,3,1,0
BRDA:56,4,0,0
BRF:7
BRH:0
end_of_record
TN:
SF:src\cases\cases.controller.ts
FNF:0
FNH:0
DA:1,1
DA:4,1
LF:2
LH:2
BRF:0
BRH:0
end_of_record
TN:
SF:src\cases\cases.module.ts
FNF:0
FNH:0
DA:1,0
DA:2,0
DA:3,0
DA:9,0
LF:4
LH:0
BRF:0
BRH:0
end_of_record
TN:
SF:src\cases\cases.service.ts
FN:6,(anonymous_2)
FNF:1
FNH:1
FNDA:1,(anonymous_2)
DA:1,2
DA:2,2
DA:5,2
DA:6,1
LF:4
LH:4
BRF:0
BRH:0
end_of_record
TN:
SF:src\clients\clients.controller.ts
FN:30,(anonymous_4)
FN:39,(anonymous_5)
FN:54,(anonymous_6)
FN:67,(anonymous_7)
FN:85,(anonymous_8)
FN:101,(anonymous_9)
FN:117,(anonymous_10)
FNF:7
FNH:7
FNDA:21,(anonymous_4)
FNDA:1,(anonymous_5)
FNDA:1,(anonymous_6)
FNDA:2,(anonymous_7)
FNDA:2,(anonymous_8)
FNDA:2,(anonymous_9)
FNDA:2,(anonymous_10)
DA:1,1
DA:15,1
DA:16,1
DA:17,1
DA:18,1
DA:19,1
DA:20,1
DA:21,1
DA:22,1
DA:23,1
DA:29,1
DA:30,21
DA:39,1
DA:45,1
DA:54,1
DA:57,1
DA:67,1
DA:72,2
DA:73,1
DA:75,1
DA:85,1
DA:90,2
DA:101,1
DA:107,2
DA:117,1
DA:122,2
LF:26
LH:26
BRDA:72,0,0,1
BRDA:72,1,0,2
BRDA:72,1,1,1
BRF:3
BRH:3
end_of_record
TN:
SF:src\clients\clients.module.ts
FN:15,(anonymous_1)
FNF:1
FNH:0
FNDA:0,(anonymous_1)
DA:1,0
DA:2,0
DA:3,0
DA:4,0
DA:5,0
DA:6,0
DA:7,0
DA:15,0
DA:26,0
LF:9
LH:0
BRF:0
BRH:0
end_of_record
TN:
SF:src\clients\clients.service.ts
FN:9,(anonymous_2)
FN:11,(anonymous_3)
FN:39,(anonymous_4)
FN:43,(anonymous_5)
FN:46,(anonymous_6)
FN:58,(anonymous_7)
FN:75,(anonymous_8)
FN:86,(anonymous_9)
FN:114,(anonymous_10)
FN:120,(anonymous_11)
FNF:10
FNH:10
FNDA:8,(anonymous_2)
FNDA:1,(anonymous_3)
FNDA:1,(anonymous_4)
FNDA:2,(anonymous_5)
FNDA:4,(anonymous_6)
FNDA:1,(anonymous_7)
FNDA:1,(anonymous_8)
FNDA:1,(anonymous_9)
FNDA:1,(anonymous_10)
FNDA:1,(anonymous_11)
DA:1,2
DA:2,2
DA:5,2
DA:8,2
DA:9,8
DA:13,1
DA:19,1
DA:36,1
DA:40,1
DA:43,2
DA:47,4
DA:51,4
DA:52,1
DA:55,3
DA:63,1
DA:65,1
DA:72,1
DA:77,1
DA:80,1
DA:88,1
DA:90,1
DA:114,1
DA:115,1
DA:120,1
LF:24
LH:24
BRDA:13,0,0,0
BRDA:13,0,1,1
BRDA:14,1,0,0
BRDA:14,1,1,0
BRDA:32,2,0,0
BRDA:32,2,1,1
BRDA:51,3,0,1
BRDA:115,4,0,1
BRDA:115,4,1,1
BRDA:115,4,2,0
BRDA:115,4,3,0
BRDA:115,4,4,0
BRDA:115,4,5,0
BRF:13
BRH:5
end_of_record
TN:
SF:src\clients\dto\cliente-response.dto.ts
FN:56,(anonymous_2)
FNF:1
FNH:1
FNDA:14,(anonymous_2)
DA:1,2
DA:3,2
DA:5,2
DA:8,2
DA:14,2
DA:17,2
DA:20,2
DA:23,2
DA:26,2
DA:33,2
DA:36,2
DA:39,2
DA:42,2
DA:45,2
DA:48,2
DA:51,2
DA:54,2
DA:57,14
LF:18
LH:18
BRF:0
BRH:0
end_of_record
TN:
SF:src\clients\dto\create-cliente.dto.ts
FN:5,(anonymous_2)
FN:55,(anonymous_3)
FNF:2
FNH:2
FNDA:4,(anonymous_2)
FNDA:1,(anonymous_3)
DA:1,2
DA:2,2
DA:3,2
DA:5,2
DA:8,2
DA:17,2
DA:22,2
DA:27,2
DA:32,2
DA:37,2
DA:55,1
DA:56,2
DA:61,2
DA:66,2
DA:71,2
DA:76,2
DA:81,4
LF:17
LH:17
BRF:0
BRH:0
end_of_record
TN:
SF:src\clients\dto\update-cliente.dto.ts
FNF:0
FNH:0
DA:1,1
DA:2,1
DA:4,1
LF:3
LH:3
BRF:0
BRH:0
end_of_record
TN:
SF:src\prisma\prisma.module.ts
FNF:0
FNH:0
DA:1,0
DA:2,0
DA:3,0
DA:18,0
LF:4
LH:0
BRF:0
BRH:0
end_of_record
TN:
SF:src\prisma\prisma.service.ts
FN:17,(anonymous_2)
FN:27,(anonymous_3)
FN:52,(anonymous_4)
FN:54,(anonymous_5)
FN:63,(anonymous_6)
FN:72,(anonymous_7)
FN:80,(anonymous_8)
FN:91,(anonymous_9)
FN:97,(anonymous_10)
FN:119,(anonymous_11)
FN:127,(anonymous_12)
FNF:11
FNH:0
FNDA:0,(anonymous_2)
FNDA:0,(anonymous_3)
FNDA:0,(anonymous_4)
FNDA:0,(anonymous_5)
FNDA:0,(anonymous_6)
FNDA:0,(anonymous_7)
FNDA:0,(anonymous_8)
FNDA:0,(anonymous_9)
FNDA:0,(anonymous_10)
FNDA:0,(anonymous_11)
FNDA:0,(anonymous_12)
DA:1,5
DA:2,5
DA:3,5
DA:10,5
DA:14,0
DA:17,0
DA:19,0
DA:20,0
DA:21,0
DA:26,0
DA:27,0
DA:40,0
DA:43,0
DA:44,0
DA:54,0
DA:55,0
DA:63,0
DA:64,0
DA:72,0
DA:73,0
DA:80,0
DA:81,0
DA:92,0
DA:93,0
DA:94,0
DA:97,0
DA:98,0
DA:99,0
DA:100,0
DA:101,0
DA:104,0
DA:105,0
DA:113,0
DA:117,0
DA:119,0
DA:120,0
DA:128,0
LF:37
LH:4
BRDA:21,0,0,0
BRDA:21,0,1,0
BRDA:43,1,0,0
BRDA:104,2,0,0
BRF:4
BRH:0
end_of_record
TN:
SF:src\sessions\sessions.module.ts
FNF:0
FNH:0
DA:2,0
DA:3,0
DA:9,0
LF:3
LH:0
BRF:0
BRH:0
end_of_record
TN:
SF:src\sessions\sessions.service.ts
FN:13,(anonymous_1)
FNF:1
FNH:0
FNDA:0,(anonymous_1)
DA:1,1
DA:8,1
DA:15,0
LF:3
LH:2
BRF:0
BRH:0
end_of_record
TN:
SF:src\types\express.d.ts
FNF:0
FNH:0
LF:0
LH:0
BRF:0
BRH:0
end_of_record
TN:
SF:src\users\users.module.ts
FNF:0
FNH:0
DA:1,0
DA:2,0
DA:3,0
DA:10,0
LF:4
LH:0
BRF:0
BRH:0
end_of_record
TN:
SF:src\users\dto\create-user.dto.ts
FNF:0
FNH:0
DA:1,0
DA:3,0
DA:5,0
DA:9,0
DA:12,0
LF:5
LH:0
BRF:0
BRH:0
end_of_record
TN:
SF:src\users\dto\update-password.dto.ts
FNF:0
FNH:0
DA:1,0
DA:3,0
DA:6,0
DA:11,0
LF:4
LH:0
BRF:0
BRH:0
end_of_record
TN:
SF:src\users\dto\update-user.dto.ts
FNF:0
FNH:0
DA:1,0
DA:2,0
DA:3,0
DA:5,0
DA:9,0
LF:5
LH:0
BRF:0
BRH:0
end_of_record
TN:
SF:src\users\enums\user-role.enum.ts
FN:1,(anonymous_0)
FNF:1
FNH:1
FNDA:1,(anonymous_0)
DA:1,1
DA:2,1
DA:3,1
DA:4,1
DA:5,1
DA:6,1
LF:6
LH:6
BRDA:1,0,0,1
BRDA:1,0,1,1
BRF:2
BRH:2
end_of_record
